SF:lib/providers/favorites_provider.dart
DA:5,9
DA:7,3
DA:8,18
DA:10,24
DA:14,12
DA:19,6
DA:20,6
DA:21,3
LF:8
LH:8
end_of_record
SF:lib/models/meals.dart
DA:14,18
LF:1
LH:1
end_of_record
SF:lib/models/category.dart
DA:4,13
LF:1
LH:1
end_of_record
SF:lib/screens/meals_screen.dart
DA:7,1
DA:9,0
DA:10,0
DA:11,0
DA:12,0
DA:20,0
DA:22,0
DA:23,0
DA:24,0
DA:25,0
DA:28,0
DA:29,0
DA:30,0
DA:32,0
DA:33,0
DA:35,0
DA:36,0
DA:40,0
DA:42,0
DA:43,0
DA:51,0
DA:54,0
DA:55,0
LF:23
LH:1
end_of_record
SF:lib/main.dart
DA:7,3
DA:9,1
DA:13,1
DA:16,0
DA:17,0
DA:21,12
DA:23,1
DA:25,3
LF:8
LH:6
end_of_record
SF:lib/screens/tabs_screen.dart
DA:18,1
DA:20,1
DA:22,1
DA:30,0
DA:31,0
DA:32,0
DA:33,0
DA:37,0
DA:38,0
DA:39,0
DA:43,0
DA:44,0
DA:45,0
DA:46,0
DA:47,0
DA:52,1
DA:55,3
DA:57,1
DA:60,2
DA:61,0
DA:62,0
DA:66,1
DA:67,2
DA:68,2
DA:70,1
DA:71,1
DA:72,1
LF:27
LH:13
end_of_record
SF:lib/providers/filter_provider.dart
DA:8,3
DA:9,6
DA:16,2
DA:17,8
DA:20,1
DA:21,1
DA:25,6
DA:26,3
DA:27,6
DA:30,8
DA:31,4
DA:32,4
DA:33,4
DA:34,3
DA:37,3
DA:40,3
DA:43,3
DA:47,2
LF:18
LH:18
end_of_record
SF:lib/providers/meals_provider.dart
DA:4,12
LF:1
LH:1
end_of_record
SF:lib/screens/categories_screen.dart
DA:16,2
DA:20,0
DA:21,0
DA:22,0
DA:24,0
DA:25,0
DA:26,0
DA:27,0
DA:28,0
DA:34,1
DA:36,1
DA:44,1
DA:45,1
DA:46,2
DA:48,0
DA:49,0
LF:16
LH:6
end_of_record
SF:lib/widgets/category_grid_item.dart
DA:17,2
DA:18,6
DA:23,2
DA:25,2
DA:26,2
DA:27,6
DA:28,2
DA:29,2
DA:31,2
DA:32,2
DA:33,2
DA:34,2
DA:36,6
DA:37,6
DA:43,2
DA:44,4
DA:45,8
DA:46,6
LF:18
LH:18
end_of_record
SF:lib/screens/filters_screen.dart
DA:7,11
DA:9,0
DA:11,0
DA:12,0
DA:13,0
DA:14,0
DA:15,0
DA:16,0
DA:19,0
DA:20,0
DA:21,0
DA:24,0
DA:27,0
DA:28,0
DA:29,0
DA:32,0
DA:35,0
DA:36,0
DA:37,0
DA:40,0
DA:43,0
DA:44,0
DA:45,0
LF:23
LH:1
end_of_record
SF:lib/widgets/filterswitch_tile.dart
DA:9,1
DA:17,1
DA:19,1
DA:20,1
DA:21,1
DA:22,1
DA:23,1
DA:24,4
DA:25,3
DA:28,1
DA:29,1
DA:30,4
DA:31,3
DA:34,1
DA:35,1
DA:36,1
DA:37,3
DA:39,4
LF:18
LH:18
end_of_record
SF:lib/screens/meals_details_screen.dart
DA:7,0
DA:11,0
DA:13,0
DA:15,0
DA:16,0
DA:17,0
DA:18,0
DA:19,0
DA:20,0
DA:22,0
DA:23,0
DA:24,0
DA:25,0
DA:26,0
DA:28,0
DA:36,0
DA:40,0
DA:41,0
DA:42,0
DA:43,0
DA:44,0
DA:50,0
DA:52,0
DA:53,0
DA:58,0
DA:59,0
DA:61,0
DA:62,0
DA:66,0
DA:67,0
DA:69,0
DA:70,0
DA:74,0
DA:75,0
DA:76,0
DA:81,0
DA:84,0
DA:85,0
LF:38
LH:0
end_of_record
SF:lib/widgets/meal_item.dart
DA:9,1
DA:11,1
DA:12,6
DA:13,4
DA:16,1
DA:17,6
DA:18,4
DA:24,0
DA:26,0
DA:28,0
DA:31,0
DA:32,0
DA:33,0
DA:34,0
DA:35,0
DA:36,0
DA:37,0
DA:42,0
DA:46,0
DA:48,0
DA:49,0
DA:50,0
DA:51,0
DA:52,0
DA:64,0
DA:66,0
DA:67,0
DA:69,0
DA:72,0
DA:74,0
DA:77,0
DA:79,0
LF:32
LH:7
end_of_record
SF:lib/widgets/main_drawer.dart
DA:4,2
DA:8,1
DA:10,1
DA:11,1
DA:12,1
DA:13,1
DA:15,1
DA:16,1
DA:17,1
DA:18,3
DA:19,4
DA:27,1
DA:28,1
DA:29,1
DA:32,3
DA:35,1
DA:37,4
DA:38,3
DA:44,1
DA:45,1
DA:48,3
DA:50,1
DA:52,4
DA:53,3
DA:58,3
DA:60,1
DA:61,1
DA:64,3
DA:66,1
DA:68,4
DA:69,3
DA:74,3
LF:32
LH:32
end_of_record
SF:lib/widgets/meal_item_trait.dart
DA:5,1
DA:11,1
DA:13,1
DA:14,1
DA:15,2
DA:17,2
DA:18,1
LF:7
LH:7
end_of_record
